<?xml version="1.0" encoding="utf-8"?>
<TestRun id="a77a45f8-c919-4185-9275-3ab2c778b809" name="velikececi@VELIKEECIFFE4 2025-08-19 23:11:49" runUser="VELIKEECIFFE4\velikececi" xmlns="http://microsoft.com/schemas/VisualStudio/TeamTest/2010">
  <Times creation="2025-08-19T23:11:49.6050657+03:00" queuing="2025-08-19T23:11:49.6050660+03:00" start="2025-08-19T23:11:48.7760136+03:00" finish="2025-08-19T23:11:49.6162185+03:00" />
  <TestSettings name="default" id="52a846e8-dd40-4565-9cb0-4ec016e57e8c">
    <Deployment runDeploymentRoot="velikececi_VELIKEECIFFE4_2025-08-19_23_11_49" />
  </TestSettings>
  <Results>
    <UnitTestResult executionId="2f2e26bc-866c-4d80-907a-686f9f609511" testId="2f1be378-e72b-a3d8-948c-3607b4d0a4f4" testName="SubscriptionService.IntegrationTests.GrpcEndpointTests.CheckSubscriptionStatus_ReturnsSeededCredits" computerName="VELIKEECIFFE4" duration="00:00:00.1513637" startTime="2025-08-19T23:11:49.5384471+03:00" endTime="2025-08-19T23:11:49.5384573+03:00" testType="13cdc9d9-ddb5-4fa4-a97d-d965ccfc6d4b" outcome="Failed" testListId="8c84fa94-04c1-424b-9868-57a2d4851a1d" relativeResultsDirectory="2f2e26bc-866c-4d80-907a-686f9f609511">
      <Output>
        <ErrorInfo>
          <Message>System.InvalidOperationException : Services for database providers 'Npgsql.EntityFrameworkCore.PostgreSQL', 'Microsoft.EntityFrameworkCore.InMemory' have been registered in the service provider. Only a single database provider can be registered in a service provider. If possible, ensure that Entity Framework is managing its service provider by removing the call to 'UseInternalServiceProvider'. Otherwise, consider conditionally registering the database provider, or maintaining one service provider per database provider.</Message>
          <StackTrace>   at Microsoft.EntityFrameworkCore.Internal.DbContextServices.Initialize(IServiceProvider scopedProvider, DbContextOptions contextOptions, DbContext context)&#xD;
   at Microsoft.EntityFrameworkCore.DbContext.get_ContextServices()&#xD;
   at Microsoft.EntityFrameworkCore.DbContext.get_InternalServiceProvider()&#xD;
   at Microsoft.EntityFrameworkCore.DbContext.get_DbContextDependencies()&#xD;
   at Microsoft.EntityFrameworkCore.DbContext.Set[TEntity]()&#xD;
   at SubscriptionService.SubscriptionDbContext.get_UserSubscriptions() in C:\Users\velikececi\source\repos\yargisalzeka.Net\SubscriptionService\DbContexts\SubscriptionDbContext.cs:line 8&#xD;
   at SubscriptionService.IntegrationTests.GrpcEndpointTests.&lt;&gt;c.&lt;.ctor&gt;b__1_1(IServiceCollection services) in C:\Users\velikececi\source\repos\yargisalzeka.Net\Tests\SubscriptionService.IntegrationTests\GrpcEndpointTests.cs:line 30&#xD;
   at Microsoft.Extensions.Hosting.HostApplicationBuilder.HostBuilderAdapter.ApplyChanges()&#xD;
   at Microsoft.Extensions.Hosting.HostApplicationBuilder.Build()&#xD;
   at Microsoft.AspNetCore.Builder.WebApplicationBuilder.Build()&#xD;
   at Program.&lt;Main&gt;$(String[] args) in C:\Users\velikececi\source\repos\yargisalzeka.Net\SubscriptionService\Program.cs:line 14&#xD;
   at System.RuntimeMethodHandle.InvokeMethod(Object target, Void** arguments, Signature sig, Boolean isConstructor)&#xD;
   at System.Reflection.MethodBaseInvoker.InvokeDirectByRefWithFewArgs(Object obj, Span`1 copyOfArgs, BindingFlags invokeAttr)&#xD;
--- End of stack trace from previous location ---&#xD;
   at Microsoft.Extensions.Hosting.HostFactoryResolver.HostingListener.CreateHost()&#xD;
   at Microsoft.Extensions.Hosting.HostFactoryResolver.&lt;&gt;c__DisplayClass10_0.&lt;ResolveHostFactory&gt;b__0(String[] args)&#xD;
   at Microsoft.AspNetCore.Mvc.Testing.DeferredHostBuilder.Build()&#xD;
   at Microsoft.AspNetCore.Mvc.Testing.WebApplicationFactory`1.CreateHost(IHostBuilder builder)&#xD;
   at Microsoft.AspNetCore.Mvc.Testing.WebApplicationFactory`1.DelegatedWebApplicationFactory.CreateHost(IHostBuilder builder)&#xD;
   at Microsoft.AspNetCore.Mvc.Testing.WebApplicationFactory`1.ConfigureHostBuilder(IHostBuilder hostBuilder)&#xD;
   at Microsoft.AspNetCore.Mvc.Testing.WebApplicationFactory`1.EnsureServer()&#xD;
   at Microsoft.AspNetCore.Mvc.Testing.WebApplicationFactory`1.CreateDefaultClient(DelegatingHandler[] handlers)&#xD;
   at SubscriptionService.IntegrationTests.GrpcEndpointTests.CheckSubscriptionStatus_ReturnsSeededCredits() in C:\Users\velikececi\source\repos\yargisalzeka.Net\Tests\SubscriptionService.IntegrationTests\GrpcEndpointTests.cs:line 39&#xD;
--- End of stack trace from previous location ---</StackTrace>
        </ErrorInfo>
      </Output>
    </UnitTestResult>
  </Results>
  <TestDefinitions>
    <UnitTest name="SubscriptionService.IntegrationTests.GrpcEndpointTests.CheckSubscriptionStatus_ReturnsSeededCredits" storage="c:\users\velikececi\source\repos\yargisalzeka.net\tests\subscriptionservice.integrationtests\bin\debug\net9.0\subscriptionservice.integrationtests.dll" id="2f1be378-e72b-a3d8-948c-3607b4d0a4f4">
      <Execution id="2f2e26bc-866c-4d80-907a-686f9f609511" />
      <TestMethod codeBase="C:\Users\velikececi\source\repos\yargisalzeka.Net\Tests\SubscriptionService.IntegrationTests\bin\Debug\net9.0\SubscriptionService.IntegrationTests.dll" adapterTypeName="executor://xunit/VsTestRunner2/netcoreapp" className="SubscriptionService.IntegrationTests.GrpcEndpointTests" name="CheckSubscriptionStatus_ReturnsSeededCredits" />
    </UnitTest>
  </TestDefinitions>
  <TestEntries>
    <TestEntry testId="2f1be378-e72b-a3d8-948c-3607b4d0a4f4" executionId="2f2e26bc-866c-4d80-907a-686f9f609511" testListId="8c84fa94-04c1-424b-9868-57a2d4851a1d" />
  </TestEntries>
  <TestLists>
    <TestList name="Results Not in a List" id="8c84fa94-04c1-424b-9868-57a2d4851a1d" />
    <TestList name="All Loaded Results" id="19431567-8539-422a-85d7-44ee4e166bda" />
  </TestLists>
  <ResultSummary outcome="Failed">
    <Counters total="1" executed="1" passed="0" failed="1" error="0" timeout="0" aborted="0" inconclusive="0" passedButRunAborted="0" notRunnable="0" notExecuted="0" disconnected="0" warning="0" completed="0" inProgress="0" pending="0" />
    <Output>
      <StdOut>[xUnit.net 00:00:00.00] xUnit.net VSTest Adapter v2.8.2+699d445a1a (64-bit .NET 9.0.8)&#xD;
[xUnit.net 00:00:00.16]   Discovering: SubscriptionService.IntegrationTests&#xD;
[xUnit.net 00:00:00.18]   Discovered:  SubscriptionService.IntegrationTests&#xD;
[xUnit.net 00:00:00.18]   Starting:    SubscriptionService.IntegrationTests&#xD;
[xUnit.net 00:00:00.37]       System.InvalidOperationException : Services for database providers 'Npgsql.EntityFrameworkCore.PostgreSQL', 'Microsoft.EntityFrameworkCore.InMemory' have been registered in the service provider. Only a single database provider can be registered in a service provider. If possible, ensure that Entity Framework is managing its service provider by removing the call to 'UseInternalServiceProvider'. Otherwise, consider conditionally registering the database provider, or maintaining one service provider per database provider.&#xD;
[xUnit.net 00:00:00.37]       Stack Trace:&#xD;
[xUnit.net 00:00:00.37]            at Microsoft.EntityFrameworkCore.Internal.DbContextServices.Initialize(IServiceProvider scopedProvider, DbContextOptions contextOptions, DbContext context)&#xD;
[xUnit.net 00:00:00.37]            at Microsoft.EntityFrameworkCore.DbContext.get_ContextServices()&#xD;
[xUnit.net 00:00:00.37]            at Microsoft.EntityFrameworkCore.DbContext.get_InternalServiceProvider()&#xD;
[xUnit.net 00:00:00.37]            at Microsoft.EntityFrameworkCore.DbContext.get_DbContextDependencies()&#xD;
[xUnit.net 00:00:00.37]            at Microsoft.EntityFrameworkCore.DbContext.Set[TEntity]()&#xD;
[xUnit.net 00:00:00.37]         C:\Users\velikececi\source\repos\yargisalzeka.Net\SubscriptionService\DbContexts\SubscriptionDbContext.cs(8,0): at SubscriptionService.SubscriptionDbContext.get_UserSubscriptions()&#xD;
[xUnit.net 00:00:00.37]         C:\Users\velikececi\source\repos\yargisalzeka.Net\Tests\SubscriptionService.IntegrationTests\GrpcEndpointTests.cs(30,0): at SubscriptionService.IntegrationTests.GrpcEndpointTests.&lt;&gt;c.&lt;.ctor&gt;b__1_1(IServiceCollection services)&#xD;
[xUnit.net 00:00:00.37]            at Microsoft.Extensions.Hosting.HostApplicationBuilder.HostBuilderAdapter.ApplyChanges()&#xD;
[xUnit.net 00:00:00.37]            at Microsoft.Extensions.Hosting.HostApplicationBuilder.Build()&#xD;
[xUnit.net 00:00:00.37]            at Microsoft.AspNetCore.Builder.WebApplicationBuilder.Build()&#xD;
[xUnit.net 00:00:00.37]         C:\Users\velikececi\source\repos\yargisalzeka.Net\SubscriptionService\Program.cs(14,0): at Program.&lt;Main&gt;$(String[] args)&#xD;
[xUnit.net 00:00:00.37]            at System.RuntimeMethodHandle.InvokeMethod(Object target, Void** arguments, Signature sig, Boolean isConstructor)&#xD;
[xUnit.net 00:00:00.37]            at System.Reflection.MethodBaseInvoker.InvokeDirectByRefWithFewArgs(Object obj, Span`1 copyOfArgs, BindingFlags invokeAttr)&#xD;
[xUnit.net 00:00:00.37]         --- End of stack trace from previous location ---&#xD;
[xUnit.net 00:00:00.37]            at Microsoft.Extensions.Hosting.HostFactoryResolver.HostingListener.CreateHost()&#xD;
[xUnit.net 00:00:00.37]            at Microsoft.Extensions.Hosting.HostFactoryResolver.&lt;&gt;c__DisplayClass10_0.&lt;ResolveHostFactory&gt;b__0(String[] args)&#xD;
[xUnit.net 00:00:00.37]            at Microsoft.AspNetCore.Mvc.Testing.DeferredHostBuilder.Build()&#xD;
[xUnit.net 00:00:00.37]            at Microsoft.AspNetCore.Mvc.Testing.WebApplicationFactory`1.CreateHost(IHostBuilder builder)&#xD;
[xUnit.net 00:00:00.37]            at Microsoft.AspNetCore.Mvc.Testing.WebApplicationFactory`1.DelegatedWebApplicationFactory.CreateHost(IHostBuilder builder)&#xD;
[xUnit.net 00:00:00.37]            at Microsoft.AspNetCore.Mvc.Testing.WebApplicationFactory`1.ConfigureHostBuilder(IHostBuilder hostBuilder)&#xD;
[xUnit.net 00:00:00.37]            at Microsoft.AspNetCore.Mvc.Testing.WebApplicationFactory`1.EnsureServer()&#xD;
[xUnit.net 00:00:00.37]            at Microsoft.AspNetCore.Mvc.Testing.WebApplicationFactory`1.CreateDefaultClient(DelegatingHandler[] handlers)&#xD;
[xUnit.net 00:00:00.37]         C:\Users\velikececi\source\repos\yargisalzeka.Net\Tests\SubscriptionService.IntegrationTests\GrpcEndpointTests.cs(39,0): at SubscriptionService.IntegrationTests.GrpcEndpointTests.CheckSubscriptionStatus_ReturnsSeededCredits()&#xD;
[xUnit.net 00:00:00.37]         --- End of stack trace from previous location ---&#xD;
[xUnit.net 00:00:00.38]   Finished:    SubscriptionService.IntegrationTests&#xD;
</StdOut>
    </Output>
    <RunInfos>
      <RunInfo computerName="VELIKEECIFFE4" outcome="Error" timestamp="2025-08-19T23:11:49.5365011+03:00">
        <Text>[xUnit.net 00:00:00.37]     SubscriptionService.IntegrationTests.GrpcEndpointTests.CheckSubscriptionStatus_ReturnsSeededCredits [FAIL]</Text>
      </RunInfo>
    </RunInfos>
  </ResultSummary>
</TestRun>